<?xml version="1.0" encoding="UTF-8"?>
<testsuite name="ru.tsystems.devschool.controller.MentorControllerTest" tests="2" skipped="2" failures="0" errors="0" timestamp="2022-09-02T05:40:45" hostname="sm-lptp" time="0.0">
  <properties/>
  <testcase name="shouldGetAllMentors" classname="ru.tsystems.devschool.controller.MentorControllerTest" time="0.0">
    <skipped/>
  </testcase>
  <testcase name="shouldCreateAndFindMentor" classname="ru.tsystems.devschool.controller.MentorControllerTest" time="0.0">
    <skipped/>
  </testcase>
  <system-out><![CDATA[08:40:44.978 [Test worker] DEBUG org.springframework.test.context.junit4.SpringJUnit4ClassRunner - SpringJUnit4ClassRunner constructor called with [class ru.tsystems.devschool.controller.MentorControllerTest]
08:40:44.978 [Test worker] DEBUG org.springframework.test.context.BootstrapUtils - Instantiating CacheAwareContextLoaderDelegate from class [org.springframework.test.context.cache.DefaultCacheAwareContextLoaderDelegate]
08:40:44.979 [Test worker] DEBUG org.springframework.test.context.BootstrapUtils - Instantiating BootstrapContext using constructor [public org.springframework.test.context.support.DefaultBootstrapContext(java.lang.Class,org.springframework.test.context.CacheAwareContextLoaderDelegate)]
08:40:44.981 [Test worker] DEBUG org.springframework.test.context.BootstrapUtils - Instantiating TestContextBootstrapper for test class [ru.tsystems.devschool.controller.MentorControllerTest] from class [org.springframework.boot.test.context.SpringBootTestContextBootstrapper]
08:40:44.983 [Test worker] INFO org.springframework.boot.test.context.SpringBootTestContextBootstrapper - Neither @ContextConfiguration nor @ContextHierarchy found for test class [ru.tsystems.devschool.controller.MentorControllerTest], using SpringBootContextLoader
08:40:44.988 [Test worker] DEBUG org.springframework.test.context.support.AbstractContextLoader - Did not detect default resource location for test class [ru.tsystems.devschool.controller.MentorControllerTest]: class path resource [ru/tsystems/devschool/controller/MentorControllerTest-context.xml] does not exist
08:40:44.989 [Test worker] DEBUG org.springframework.test.context.support.AbstractContextLoader - Did not detect default resource location for test class [ru.tsystems.devschool.controller.MentorControllerTest]: class path resource [ru/tsystems/devschool/controller/MentorControllerTestContext.groovy] does not exist
08:40:44.989 [Test worker] INFO org.springframework.test.context.support.AbstractContextLoader - Could not detect default resource locations for test class [ru.tsystems.devschool.controller.MentorControllerTest]: no resource found for suffixes {-context.xml, Context.groovy}.
08:40:44.990 [Test worker] INFO org.springframework.test.context.support.AnnotationConfigContextLoaderUtils - Could not detect default configuration classes for test class [ru.tsystems.devschool.controller.MentorControllerTest]: MentorControllerTest does not declare any static, non-private, non-final, nested classes annotated with @Configuration.
08:40:44.998 [Test worker] DEBUG org.springframework.test.context.support.ActiveProfilesUtils - Could not find an 'annotation declaring class' for annotation type [org.springframework.test.context.ActiveProfiles] and class [ru.tsystems.devschool.controller.MentorControllerTest]
08:40:44.998 [Test worker] INFO org.springframework.boot.test.context.SpringBootTestContextBootstrapper - Found @SpringBootConfiguration ru.tsystems.devschool.DevSchoolApplication for test class ru.tsystems.devschool.controller.MentorControllerTest
08:40:45.002 [Test worker] DEBUG org.springframework.boot.test.context.SpringBootTestContextBootstrapper - @TestExecutionListeners is not present for class [ru.tsystems.devschool.controller.MentorControllerTest]: using defaults.
08:40:45.002 [Test worker] INFO org.springframework.boot.test.context.SpringBootTestContextBootstrapper - Loaded default TestExecutionListener class names from location [META-INF/spring.factories]: [org.springframework.boot.test.autoconfigure.restdocs.RestDocsTestExecutionListener, org.springframework.boot.test.autoconfigure.web.client.MockRestServiceServerResetTestExecutionListener, org.springframework.boot.test.autoconfigure.web.servlet.MockMvcPrintOnlyOnFailureTestExecutionListener, org.springframework.boot.test.autoconfigure.web.servlet.WebDriverTestExecutionListener, org.springframework.boot.test.autoconfigure.webservices.client.MockWebServiceServerTestExecutionListener, org.springframework.boot.test.mock.mockito.MockitoTestExecutionListener, org.springframework.boot.test.mock.mockito.ResetMocksTestExecutionListener, org.springframework.test.context.web.ServletTestExecutionListener, org.springframework.test.context.support.DirtiesContextBeforeModesTestExecutionListener, org.springframework.test.context.support.DependencyInjectionTestExecutionListener, org.springframework.test.context.support.DirtiesContextTestExecutionListener, org.springframework.test.context.transaction.TransactionalTestExecutionListener, org.springframework.test.context.jdbc.SqlScriptsTestExecutionListener, org.springframework.test.context.event.EventPublishingTestExecutionListener]
08:40:45.008 [Test worker] INFO org.springframework.boot.test.context.SpringBootTestContextBootstrapper - Using TestExecutionListeners: [org.springframework.test.context.web.ServletTestExecutionListener@2138f0ce, org.springframework.test.context.support.DirtiesContextBeforeModesTestExecutionListener@59e6d83, org.springframework.boot.test.mock.mockito.MockitoTestExecutionListener@3baead59, org.springframework.boot.test.autoconfigure.SpringBootDependencyInjectionTestExecutionListener@3a02a100, org.springframework.test.context.support.DirtiesContextTestExecutionListener@5cda980e, org.springframework.test.context.transaction.TransactionalTestExecutionListener@2ade1463, org.springframework.test.context.jdbc.SqlScriptsTestExecutionListener@6454a004, org.springframework.test.context.event.EventPublishingTestExecutionListener@4b71172f, org.springframework.boot.test.autoconfigure.restdocs.RestDocsTestExecutionListener@43e3fca7, org.springframework.boot.test.autoconfigure.web.client.MockRestServiceServerResetTestExecutionListener@19c485b4, org.springframework.boot.test.autoconfigure.web.servlet.MockMvcPrintOnlyOnFailureTestExecutionListener@58d15208, org.springframework.boot.test.autoconfigure.web.servlet.WebDriverTestExecutionListener@1b5afe52, org.springframework.boot.test.autoconfigure.webservices.client.MockWebServiceServerTestExecutionListener@47003f5a, org.springframework.boot.test.mock.mockito.ResetMocksTestExecutionListener@7ad4fb2b]
08:40:45.008 [Test worker] DEBUG org.springframework.test.annotation.ProfileValueUtils - Retrieved @ProfileValueSourceConfiguration [null] for test class [ru.tsystems.devschool.controller.MentorControllerTest]
08:40:45.009 [Test worker] DEBUG org.springframework.test.annotation.ProfileValueUtils - Retrieved ProfileValueSource type [class org.springframework.test.annotation.SystemProfileValueSource] for class [ru.tsystems.devschool.controller.MentorControllerTest]
08:40:45.009 [Test worker] DEBUG org.springframework.test.annotation.ProfileValueUtils - Retrieved @ProfileValueSourceConfiguration [null] for test class [ru.tsystems.devschool.controller.MentorControllerTest]
08:40:45.009 [Test worker] DEBUG org.springframework.test.annotation.ProfileValueUtils - Retrieved ProfileValueSource type [class org.springframework.test.annotation.SystemProfileValueSource] for class [ru.tsystems.devschool.controller.MentorControllerTest]
08:40:45.009 [Test worker] DEBUG org.springframework.test.annotation.ProfileValueUtils - Retrieved @ProfileValueSourceConfiguration [null] for test class [ru.tsystems.devschool.controller.MentorControllerTest]
08:40:45.009 [Test worker] DEBUG org.springframework.test.annotation.ProfileValueUtils - Retrieved ProfileValueSource type [class org.springframework.test.annotation.SystemProfileValueSource] for class [ru.tsystems.devschool.controller.MentorControllerTest]
08:40:45.010 [Test worker] DEBUG org.springframework.test.annotation.ProfileValueUtils - Retrieved @ProfileValueSourceConfiguration [null] for test class [ru.tsystems.devschool.controller.MentorControllerTest]
08:40:45.014 [Test worker] DEBUG org.springframework.test.annotation.ProfileValueUtils - Retrieved ProfileValueSource type [class org.springframework.test.annotation.SystemProfileValueSource] for class [ru.tsystems.devschool.controller.MentorControllerTest]
]]></system-out>
  <system-err><![CDATA[]]></system-err>
</testsuite>
