<?xml version="1.0" encoding="UTF-8"?>
<testsuite name="ru.tsystems.devschool.controller.SchoolControllerTest" tests="2" skipped="2" failures="0" errors="0" timestamp="2022-09-02T05:40:44" hostname="sm-lptp" time="0.001">
  <properties/>
  <testcase name="shouldCreateAndFindSchool" classname="ru.tsystems.devschool.controller.SchoolControllerTest" time="0.0">
    <skipped/>
  </testcase>
  <testcase name="shouldGetAllSchools" classname="ru.tsystems.devschool.controller.SchoolControllerTest" time="0.0">
    <skipped/>
  </testcase>
  <system-out><![CDATA[08:40:44.395 [Test worker] DEBUG org.springframework.test.context.junit4.SpringJUnit4ClassRunner - SpringJUnit4ClassRunner constructor called with [class ru.tsystems.devschool.controller.SchoolControllerTest]
08:40:44.407 [Test worker] DEBUG org.springframework.test.context.BootstrapUtils - Instantiating CacheAwareContextLoaderDelegate from class [org.springframework.test.context.cache.DefaultCacheAwareContextLoaderDelegate]
08:40:44.420 [Test worker] DEBUG org.springframework.test.context.BootstrapUtils - Instantiating BootstrapContext using constructor [public org.springframework.test.context.support.DefaultBootstrapContext(java.lang.Class,org.springframework.test.context.CacheAwareContextLoaderDelegate)]
08:40:44.500 [Test worker] DEBUG org.springframework.test.context.BootstrapUtils - Instantiating TestContextBootstrapper for test class [ru.tsystems.devschool.controller.SchoolControllerTest] from class [org.springframework.boot.test.context.SpringBootTestContextBootstrapper]
08:40:44.522 [Test worker] INFO org.springframework.boot.test.context.SpringBootTestContextBootstrapper - Neither @ContextConfiguration nor @ContextHierarchy found for test class [ru.tsystems.devschool.controller.SchoolControllerTest], using SpringBootContextLoader
08:40:44.529 [Test worker] DEBUG org.springframework.test.context.support.AbstractContextLoader - Did not detect default resource location for test class [ru.tsystems.devschool.controller.SchoolControllerTest]: class path resource [ru/tsystems/devschool/controller/SchoolControllerTest-context.xml] does not exist
08:40:44.531 [Test worker] DEBUG org.springframework.test.context.support.AbstractContextLoader - Did not detect default resource location for test class [ru.tsystems.devschool.controller.SchoolControllerTest]: class path resource [ru/tsystems/devschool/controller/SchoolControllerTestContext.groovy] does not exist
08:40:44.533 [Test worker] INFO org.springframework.test.context.support.AbstractContextLoader - Could not detect default resource locations for test class [ru.tsystems.devschool.controller.SchoolControllerTest]: no resource found for suffixes {-context.xml, Context.groovy}.
08:40:44.535 [Test worker] INFO org.springframework.test.context.support.AnnotationConfigContextLoaderUtils - Could not detect default configuration classes for test class [ru.tsystems.devschool.controller.SchoolControllerTest]: SchoolControllerTest does not declare any static, non-private, non-final, nested classes annotated with @Configuration.
08:40:44.627 [Test worker] DEBUG org.springframework.test.context.support.ActiveProfilesUtils - Could not find an 'annotation declaring class' for annotation type [org.springframework.test.context.ActiveProfiles] and class [ru.tsystems.devschool.controller.SchoolControllerTest]
08:40:44.733 [Test worker] DEBUG org.springframework.context.annotation.ClassPathScanningCandidateComponentProvider - Identified candidate component class: file [/home/shamil/DevOpsHW/sm-course-project/backend/build/classes/java/main/ru/tsystems/devschool/DevSchoolApplication.class]
08:40:44.735 [Test worker] INFO org.springframework.boot.test.context.SpringBootTestContextBootstrapper - Found @SpringBootConfiguration ru.tsystems.devschool.DevSchoolApplication for test class ru.tsystems.devschool.controller.SchoolControllerTest
08:40:44.930 [Test worker] DEBUG org.springframework.boot.test.context.SpringBootTestContextBootstrapper - @TestExecutionListeners is not present for class [ru.tsystems.devschool.controller.SchoolControllerTest]: using defaults.
08:40:44.932 [Test worker] INFO org.springframework.boot.test.context.SpringBootTestContextBootstrapper - Loaded default TestExecutionListener class names from location [META-INF/spring.factories]: [org.springframework.boot.test.autoconfigure.restdocs.RestDocsTestExecutionListener, org.springframework.boot.test.autoconfigure.web.client.MockRestServiceServerResetTestExecutionListener, org.springframework.boot.test.autoconfigure.web.servlet.MockMvcPrintOnlyOnFailureTestExecutionListener, org.springframework.boot.test.autoconfigure.web.servlet.WebDriverTestExecutionListener, org.springframework.boot.test.autoconfigure.webservices.client.MockWebServiceServerTestExecutionListener, org.springframework.boot.test.mock.mockito.MockitoTestExecutionListener, org.springframework.boot.test.mock.mockito.ResetMocksTestExecutionListener, org.springframework.test.context.web.ServletTestExecutionListener, org.springframework.test.context.support.DirtiesContextBeforeModesTestExecutionListener, org.springframework.test.context.support.DependencyInjectionTestExecutionListener, org.springframework.test.context.support.DirtiesContextTestExecutionListener, org.springframework.test.context.transaction.TransactionalTestExecutionListener, org.springframework.test.context.jdbc.SqlScriptsTestExecutionListener, org.springframework.test.context.event.EventPublishingTestExecutionListener]
08:40:44.960 [Test worker] INFO org.springframework.boot.test.context.SpringBootTestContextBootstrapper - Using TestExecutionListeners: [org.springframework.test.context.web.ServletTestExecutionListener@3b67612b, org.springframework.test.context.support.DirtiesContextBeforeModesTestExecutionListener@4e864fe2, org.springframework.boot.test.mock.mockito.MockitoTestExecutionListener@351d292b, org.springframework.boot.test.autoconfigure.SpringBootDependencyInjectionTestExecutionListener@23034767, org.springframework.test.context.support.DirtiesContextTestExecutionListener@23ed0415, org.springframework.test.context.transaction.TransactionalTestExecutionListener@5fe8a6d5, org.springframework.test.context.jdbc.SqlScriptsTestExecutionListener@3609872, org.springframework.test.context.event.EventPublishingTestExecutionListener@3ae1df06, org.springframework.boot.test.autoconfigure.restdocs.RestDocsTestExecutionListener@7167a9e3, org.springframework.boot.test.autoconfigure.web.client.MockRestServiceServerResetTestExecutionListener@6b236714, org.springframework.boot.test.autoconfigure.web.servlet.MockMvcPrintOnlyOnFailureTestExecutionListener@6c87c10a, org.springframework.boot.test.autoconfigure.web.servlet.WebDriverTestExecutionListener@582a3a73, org.springframework.boot.test.autoconfigure.webservices.client.MockWebServiceServerTestExecutionListener@14ceb824, org.springframework.boot.test.mock.mockito.ResetMocksTestExecutionListener@64a5666e]
08:40:44.964 [Test worker] DEBUG org.springframework.test.annotation.ProfileValueUtils - Retrieved @ProfileValueSourceConfiguration [null] for test class [ru.tsystems.devschool.controller.SchoolControllerTest]
08:40:44.966 [Test worker] DEBUG org.springframework.test.annotation.ProfileValueUtils - Retrieved ProfileValueSource type [class org.springframework.test.annotation.SystemProfileValueSource] for class [ru.tsystems.devschool.controller.SchoolControllerTest]
08:40:44.968 [Test worker] DEBUG org.springframework.test.annotation.ProfileValueUtils - Retrieved @ProfileValueSourceConfiguration [null] for test class [ru.tsystems.devschool.controller.SchoolControllerTest]
08:40:44.969 [Test worker] DEBUG org.springframework.test.annotation.ProfileValueUtils - Retrieved ProfileValueSource type [class org.springframework.test.annotation.SystemProfileValueSource] for class [ru.tsystems.devschool.controller.SchoolControllerTest]
08:40:44.970 [Test worker] DEBUG org.springframework.test.annotation.ProfileValueUtils - Retrieved @ProfileValueSourceConfiguration [null] for test class [ru.tsystems.devschool.controller.SchoolControllerTest]
08:40:44.971 [Test worker] DEBUG org.springframework.test.annotation.ProfileValueUtils - Retrieved ProfileValueSource type [class org.springframework.test.annotation.SystemProfileValueSource] for class [ru.tsystems.devschool.controller.SchoolControllerTest]
08:40:44.971 [Test worker] DEBUG org.springframework.test.annotation.ProfileValueUtils - Retrieved @ProfileValueSourceConfiguration [null] for test class [ru.tsystems.devschool.controller.SchoolControllerTest]
08:40:44.971 [Test worker] DEBUG org.springframework.test.annotation.ProfileValueUtils - Retrieved ProfileValueSource type [class org.springframework.test.annotation.SystemProfileValueSource] for class [ru.tsystems.devschool.controller.SchoolControllerTest]
]]></system-out>
  <system-err><![CDATA[]]></system-err>
</testsuite>
